2013-12-03 10:17:16.018+0000 INFO  [org.neo4j]: --- INITIALIZED diagnostics START ---
2013-12-03 10:17:16.021+0000 INFO  [org.neo4j]: Neo4j Kernel properties:
    neostore.propertystore.db.mapped_memory=55M
    neostore.nodestore.db.mapped_memory=15M
    neostore.relationshipstore.db.mapped_memory=67M
    neostore.propertystore.db.strings.mapped_memory=47M
    store_dir=target/java-query-db
    neostore.propertystore.db.arrays.mapped_memory=53M
    ephemeral=false
2013-12-03 10:17:16.028+0000 INFO  [org.neo4j]: Diagnostics providers:
    org.neo4j.kernel.configuration.Config
    org.neo4j.kernel.info.DiagnosticsManager
    SYSTEM_MEMORY
    JAVA_MEMORY
    OPERATING_SYSTEM
    JAVA_VIRTUAL_MACHINE
    CLASSPATH
    LIBRARY_PATH
    SYSTEM_PROPERTIES
    NETWORK
2013-12-03 10:17:16.030+0000 INFO  [org.neo4j]: System memory information:
    Total Physical memory: 3,97 GB
    Free Physical memory: 1,44 GB
    Committed virtual memory: 155,27 MB
    Total swap space: 7,93 GB
    Free swap space: 4,91 GB
2013-12-03 10:17:16.043+0000 INFO  [org.neo4j]: JVM memory information:
    Free  memory: 46,08 MB
    Total memory: 60,88 MB
    Max   memory: 903,13 MB
    Garbage Collector: PS Scavenge: [PS Eden Space, PS Survivor Space]
    Garbage Collector: PS MarkSweep: [PS Eden Space, PS Survivor Space, PS Old Gen, PS Perm Gen]
    Memory Pool: Code Cache (Non-heap memory): committed=2,44 MB, used=515,94 kB, max=48,00 MB, threshold=0,00 B
    Memory Pool: PS Eden Space (Heap memory): committed=15,88 MB, used=15,11 MB, max=333,38 MB, threshold=?
    Memory Pool: PS Survivor Space (Heap memory): committed=2,63 MB, used=0,00 B, max=2,63 MB, threshold=?
    Memory Pool: PS Old Gen (Heap memory): committed=42,38 MB, used=0,00 B, max=677,38 MB, threshold=0,00 B
    Memory Pool: PS Perm Gen (Non-heap memory): committed=20,75 MB, used=7,96 MB, max=82,00 MB, threshold=0,00 B
2013-12-03 10:17:16.054+0000 INFO  [org.neo4j]: Operating system information:
    Operating System: Windows 7; version: 6.1; arch: amd64; cpus: 2
    Process id: 3716@mackenzie
    Byte order: LITTLE_ENDIAN
    Local timezone: America/Sao_Paulo
2013-12-03 10:17:16.065+0000 INFO  [org.neo4j]: JVM information:
    VM Name: Java HotSpot(TM) 64-Bit Server VM
    VM Vendor: Oracle Corporation
    VM Version: 23.25-b01
    JIT compiler: HotSpot 64-Bit Tiered Compilers
    VM Arguments: [-Dfile.encoding=UTF-8]
2013-12-03 10:17:16.067+0000 INFO  [org.neo4j]: Java classpath:
     [loader.1] file:/C:/Program%20Files/Java/jdk1.7.0_25/jre/lib/ext/dnsns.jar
     [bootstrap] C:\Program Files\Java\jdk1.7.0_25\jre\lib\jce.jar
     [loader.0] file:/C:/Program%20Files/Neo4j%20Community/lib/org.apache.servicemix.bundles.jline-0.9.94_1.jar
     [loader.1] file:/C:/Program%20Files/Java/jdk1.7.0_25/jre/lib/ext/sunmscapi.jar
     [classpath] C:\Program Files\Neo4j Community\lib\server-api-2.0.0-RC1.jar
     [classpath] C:\Program Files\Neo4j Community\lib\neo4j-jmx-2.0.0-RC1.jar
     [loader.0] file:/C:/Program%20Files/Neo4j%20Community/lib/concurrentlinkedhashmap-lru-1.3.1.jar
     [bootstrap] C:\Program Files\Java\jdk1.7.0_25\jre\classes
     [loader.0] file:/C:/Program%20Files/Neo4j%20Community/lib/neo4j-graph-matching-2.0.0-RC1.jar
     [classpath] C:\Program Files\Neo4j Community\lib\neo4j-kernel-2.0.0-RC1.jar
     [loader.0] file:/C:/Program%20Files/Neo4j%20Community/lib/geronimo-jta_1.1_spec-1.1.1.jar
     [loader.0] file:/C:/Program%20Files/Neo4j%20Community/lib/neo4j-jmx-2.0.0-RC1.jar
     [loader.1] file:/C:/Program%20Files/Java/jdk1.7.0_25/jre/lib/ext/localedata.jar
     [loader.1] file:/C:/Program%20Files/Java/jdk1.7.0_25/jre/lib/ext/sunjce_provider.jar
     [loader.1] file:/C:/Program%20Files/Java/jdk1.7.0_25/jre/lib/ext/jaccess.jar
     [classpath] C:\Program Files\Neo4j Community\lib\neo4j-graph-algo-2.0.0-RC1.jar
     [loader.0] file:/C:/Program%20Files/Neo4j%20Community/lib/neo4j-udc-2.0.0-RC1.jar
     [loader.0] file:/C:/Program%20Files/Neo4j%20Community/lib/server-api-2.0.0-RC1.jar
     [classpath] C:\Program Files\Neo4j Community\lib\org.apache.servicemix.bundles.jline-0.9.94_1.jar
     [classpath + loader.0] file:/C:/Users/leo/Downloads/installs/DataMining/PDF/PDFBox/PDFBoxAPI/log4j-core-2.0-beta8.jar
     [loader.1] file:/C:/Program%20Files/Java/jdk1.7.0_25/jre/lib/ext/access-bridge-64.jar
     [classpath] C:\Program Files\Neo4j Community\lib\neo4j-cypher-commons-2.0.0-RC1.jar
     [classpath] C:\Program Files\Neo4j Community\lib\parboiled-core-1.1.6.jar
     [loader.1] file:/C:/Program%20Files/Java/jdk1.7.0_25/jre/lib/ext/zipfs.jar
     [loader.0] file:/C:/Program%20Files/Neo4j%20Community/lib/lucene-core-3.6.2.jar
     [classpath] C:\Program Files\Neo4j Community\lib\neo4j-cypher-compiler-2.0-2.0.0-RC1.jar
     [bootstrap] C:\Program Files\Java\jdk1.7.0_25\jre\lib\jfr.jar
     [loader.0] file:/C:/Program%20Files/Neo4j%20Community/lib/neo4j-cypher-compiler-1.9-2.0.0-RC1.jar
     [classpath + loader.0] file:/C:/Users/leo/Documents/NetBeansProjects/PDFBoxArticleExtraction/build/classes/
     [loader.0] file:/C:/Program%20Files/Neo4j%20Community/lib/neo4j-shell-2.0.0-RC1.jar
     [loader.0] file:/C:/Program%20Files/Neo4j%20Community/lib/scala-library-2.10.2.jar
     [loader.0] file:/C:/Program%20Files/Neo4j%20Community/lib/parboiled-scala_2.10-1.1.6.jar
     [classpath] C:\Program Files\Neo4j Community\lib\neo4j-graph-matching-2.0.0-RC1.jar
     [classpath] C:\Program Files\Neo4j Community\lib\lucene-core-3.6.2.jar
     [classpath] C:\Program Files\Neo4j Community\lib\neo4j-udc-2.0.0-RC1.jar
     [classpath] C:\Program Files\Neo4j Community\lib\neo4j-cypher-compiler-1.9-2.0.0-RC1.jar
     [classpath + loader.0] file:/C:/Users/leo/Downloads/installs/DataMining/postgersql/postgresql-9.2-1002.jdbc4.jar
     [bootstrap] C:\Program Files\Java\jdk1.7.0_25\jre\lib\rt.jar
     [bootstrap] C:\Program Files\Java\jdk1.7.0_25\jre\lib\jsse.jar
     [bootstrap] C:\Program Files\Java\jdk1.7.0_25\jre\lib\resources.jar
     [classpath] C:\Program Files\Neo4j Community\lib\neo4j-shell-2.0.0-RC1.jar
     [classpath + loader.0] file:/C:/Users/leo/Downloads/installs/DataMining/PDF/PDFBox/PDFBoxAPI/pdfbox-1.8.2.jar
     [loader.0] file:/C:/Program%20Files/Neo4j%20Community/lib/neo4j-cypher-commons-2.0.0-RC1.jar
     [loader.0] file:/C:/Program%20Files/Neo4j%20Community/lib/neo4j-lucene-index-2.0.0-RC1.jar
     [classpath] C:\Program Files\Neo4j Community\lib\scala-library-2.10.2.jar
     [classpath + loader.0] file:/C:/Users/leo/Downloads/installs/DataMining/PDF/PDFBox/PDFBoxAPI/fontbox-1.8.2.jar
     [classpath] C:\Program Files\Neo4j Community\lib\neo4j-lucene-index-2.0.0-RC1.jar
     [bootstrap] C:\Program Files\Java\jdk1.7.0_25\jre\lib\sunrsasign.jar
     [bootstrap] C:\Program Files\Java\jdk1.7.0_25\jre\lib\charsets.jar
     [classpath] C:\Program Files\Neo4j Community\lib\parboiled-scala_2.10-1.1.6.jar
     [classpath] C:\Program Files\Neo4j Community\lib\concurrentlinkedhashmap-lru-1.3.1.jar
     [loader.0] file:/C:/Program%20Files/Neo4j%20Community/lib/neo4j-kernel-2.0.0-RC1.jar
     [loader.0] file:/C:/Program%20Files/Neo4j%20Community/lib/neo4j-graph-algo-2.0.0-RC1.jar
     [loader.0] file:/C:/Program%20Files/Neo4j%20Community/lib/neo4j-cypher-compiler-2.0-2.0.0-RC1.jar
     [loader.1] file:/C:/Program%20Files/Java/jdk1.7.0_25/jre/lib/ext/sunec.jar
     [classpath + loader.0] file:/C:/Users/leo/Downloads/installs/DataMining/PDF/PDFBox/PDFBoxAPI/commons-logging-1.1.3.jar
     [loader.0] file:/C:/Program%20Files/Neo4j%20Community/lib/neo4j-cypher-2.0.0-RC1.jar
     [loader.0] file:/C:/Program%20Files/Neo4j%20Community/lib/parboiled-core-1.1.6.jar
     [classpath] C:\Program Files\Neo4j Community\lib\neo4j-cypher-2.0.0-RC1.jar
     [classpath] C:\Program Files\Neo4j Community\lib\geronimo-jta_1.1_spec-1.1.1.jar
2013-12-03 10:17:16.073+0000 INFO  [org.neo4j]: Library path:
    C:\Program Files\Java\jdk1.7.0_25\bin
    C:\Windows\Sun\Java\bin
    C:\Windows\System32
    C:\Windows
    C:\Windows\System32
    C:\Windows
    C:\Windows\System32\wbem
    C:\Windows\System32\WindowsPowerShell\v1.0
    C:\Program Files (x86)\Java\jre7\bin
    C:\Program Files (x86)\Graphviz2.30\bin
    C:\Program Files\Java\jdk1.7.0_25\bin
    C:\Perl\c\bin
    C:\Perl\perl\site\bin
    C:\Perl\perl\bin
    C:\Users\leo\Documents\NetBeansProjects\PDFBoxArticleExtraction
2013-12-03 10:17:16.077+0000 INFO  [org.neo4j]: System.properties:
    sun.boot.library.path = C:\Program Files\Java\jdk1.7.0_25\jre\bin
    path.separator = ;
    file.encoding.pkg = sun.io
    user.country = BR
    user.script = 
    sun.java.launcher = SUN_STANDARD
    sun.os.patch.level = Service Pack 1
    user.dir = C:\Users\leo\Documents\NetBeansProjects\PDFBoxArticleExtraction
    user.variant = 
    sun.jnu.encoding = Cp1252
    sun.management.compiler = HotSpot 64-Bit Tiered Compilers
    user.home = C:\Users\leo
    user.timezone = America/Sao_Paulo
    file.encoding = UTF-8
    user.name = leo
    sun.java.command = ArticleExtraction.ArticleExtractionMain -d C:\barbosalm\DataSamples\pdfs\ieeesamples\datamining
    sun.arch.data.model = 64
    user.language = pt
    awt.toolkit = sun.awt.windows.WToolkit
    file.separator = \
    sun.io.unicode.encoding = UnicodeLittle
    sun.cpu.endian = little
    sun.desktop = windows
    sun.cpu.isalist = amd64
2013-12-03 10:17:16.078+0000 INFO  [org.neo4j]: Network information:
    Interface Software Loopback Interface 1:
        address: 127.0.0.1
        address: 0:0:0:0:0:0:0:1
    Interface WAN Miniport (SSTP):
    Interface WAN Miniport (L2TP):
    Interface WAN Miniport (PPTP):
    Interface WAN Miniport (PPPOE):
    Interface WAN Miniport (IPv6):
    Interface WAN Miniport (Network Monitor):
    Interface WAN Miniport (IP):
    Interface RAS Async Adapter:
    Interface Adaptador de Rede Broadcom 802.11n:
        address: 192.168.1.102
    Interface Marvell Yukon 88E8058 PCI-E Gigabit Ethernet Controller:
    Interface Teredo Tunneling Pseudo-Interface:
        address: 2001:0:5ef5:79fb:10b0:1d0a:3f57:fe99
        address: fe80:0:0:0:10b0:1d0a:3f57:fe99%12
    Interface Dispositivo Bluetooth (Rede Pessoal):
    Interface Dispositivo Bluetooth (TDI de Protocolo RFCOMM):
    Interface WAN Miniport (IKEv2):
    Interface Adaptador do Microsoft ISATAP:
        address: fe80:0:0:0:0:5efe:c0a8:166%16
    Interface Adaptador de rede Broadcom 802.11n-Virtual WiFi Filter Driver-0000:
    Interface Adaptador de rede Broadcom 802.11n-QoS Packet Scheduler-0000:
    Interface WAN Miniport (Network Monitor)-QoS Packet Scheduler-0000:
    Interface WAN Miniport (IP)-QoS Packet Scheduler-0000:
    Interface WAN Miniport (IPv6)-QoS Packet Scheduler-0000:
    Interface Adaptador de rede Broadcom 802.11n-Native WiFi Filter Driver-0000:
    Interface Adaptador de rede Broadcom 802.11n-WFP LightWeight Filter-0000:
2013-12-03 10:17:16.128+0000 INFO  [org.neo4j]: --- INITIALIZED diagnostics END ---
2013-12-03 10:17:16.437+0000 INFO  [org.neo4j]: Creating new db @ target\java-query-db\neostore
2013-12-03 10:17:17.395+0000 INFO  [org.neo4j]: [target\java-query-db\neostore.relationshiptypestore.db.names] brickCount=0 brickSize=0b mappedMem=0b (storeSize=38b)
2013-12-03 10:17:17.404+0000 INFO  [org.neo4j]: [target\java-query-db\neostore.relationshiptypestore.db] brickCount=0 brickSize=0b mappedMem=0b (storeSize=0b)
2013-12-03 10:17:17.427+0000 INFO  [org.neo4j]: target\java-query-db\neostore.relationshiptypestore.db.names hit=0 miss=0 switches=0 ooe=0
2013-12-03 10:17:17.507+0000 INFO  [org.neo4j]: target\java-query-db\neostore.relationshiptypestore.db hit=0 miss=0 switches=0 ooe=0
2013-12-03 10:17:17.732+0000 INFO  [org.neo4j]: [target\java-query-db\neostore.labeltokenstore.db.names] brickCount=0 brickSize=0b mappedMem=0b (storeSize=38b)
2013-12-03 10:17:17.736+0000 INFO  [org.neo4j]: [target\java-query-db\neostore.labeltokenstore.db] brickCount=0 brickSize=0b mappedMem=0b (storeSize=0b)
2013-12-03 10:17:17.761+0000 INFO  [org.neo4j]: target\java-query-db\neostore.labeltokenstore.db.names hit=0 miss=0 switches=0 ooe=0
2013-12-03 10:17:17.852+0000 INFO  [org.neo4j]: target\java-query-db\neostore.labeltokenstore.db hit=0 miss=0 switches=0 ooe=0
2013-12-03 10:17:18.087+0000 INFO  [org.neo4j]: [target\java-query-db\neostore.relationshiptypestore.db.names] brickCount=0 brickSize=0b mappedMem=0b (storeSize=38b)
2013-12-03 10:17:18.089+0000 INFO  [org.neo4j]: [target\java-query-db\neostore.relationshiptypestore.db] brickCount=0 brickSize=0b mappedMem=0b (storeSize=0b)
2013-12-03 10:17:18.092+0000 INFO  [org.neo4j]: [target\java-query-db\neostore.labeltokenstore.db.names] brickCount=0 brickSize=0b mappedMem=0b (storeSize=38b)
2013-12-03 10:17:18.094+0000 INFO  [org.neo4j]: [target\java-query-db\neostore.labeltokenstore.db] brickCount=0 brickSize=0b mappedMem=0b (storeSize=0b)
2013-12-03 10:17:18.096+0000 INFO  [org.neo4j]: [target\java-query-db\neostore.propertystore.db.strings] brickCount=0 brickSize=49280b mappedMem=49283072b (storeSize=128b)
2013-12-03 10:17:18.098+0000 INFO  [org.neo4j]: [target\java-query-db\neostore.propertystore.db.index.keys] brickCount=0 brickSize=0b mappedMem=0b (storeSize=38b)
2013-12-03 10:17:18.102+0000 INFO  [org.neo4j]: [target\java-query-db\neostore.propertystore.db.index] brickCount=0 brickSize=0b mappedMem=0b (storeSize=0b)
2013-12-03 10:17:18.104+0000 INFO  [org.neo4j]: [target\java-query-db\neostore.propertystore.db.arrays] brickCount=0 brickSize=55552b mappedMem=55574528b (storeSize=128b)
2013-12-03 10:17:18.113+0000 INFO  [org.neo4j]: [target\java-query-db\neostore.propertystore.db] brickCount=0 brickSize=576706b mappedMem=57671680b (storeSize=0b)
2013-12-03 10:17:18.122+0000 INFO  [org.neo4j]: [target\java-query-db\neostore.relationshipstore.db] brickCount=0 brickSize=702537b mappedMem=70254592b (storeSize=0b)
2013-12-03 10:17:18.124+0000 INFO  [org.neo4j]: [target\java-query-db\neostore.nodestore.db.labels] brickCount=0 brickSize=0b mappedMem=0b (storeSize=68b)
2013-12-03 10:17:18.131+0000 INFO  [org.neo4j]: [target\java-query-db\neostore.nodestore.db] brickCount=0 brickSize=157276b mappedMem=15728640b (storeSize=0b)
2013-12-03 10:17:18.132+0000 INFO  [org.neo4j]: [target\java-query-db\neostore.schemastore.db] brickCount=0 brickSize=0b mappedMem=0b (storeSize=64b)
2013-12-03 10:17:18.133+0000 INFO  [org.neo4j]: [target\java-query-db\neostore] brickCount=0 brickSize=0b mappedMem=0b (storeSize=0b)
2013-12-03 10:17:18.174+0000 INFO  [org.neo4j]: target\java-query-db\neostore.relationshiptypestore.db.names hit=0 miss=0 switches=0 ooe=0
2013-12-03 10:17:18.274+0000 INFO  [org.neo4j]: target\java-query-db\neostore.relationshiptypestore.db hit=0 miss=0 switches=0 ooe=0
2013-12-03 10:17:18.374+0000 INFO  [org.neo4j]: target\java-query-db\neostore.labeltokenstore.db.names hit=0 miss=0 switches=0 ooe=0
2013-12-03 10:17:18.464+0000 INFO  [org.neo4j]: target\java-query-db\neostore.labeltokenstore.db hit=0 miss=0 switches=0 ooe=0
2013-12-03 10:17:18.563+0000 INFO  [org.neo4j]: target\java-query-db\neostore.propertystore.db.strings hit=0 miss=0 switches=0 ooe=0
2013-12-03 10:17:18.674+0000 INFO  [org.neo4j]: target\java-query-db\neostore.propertystore.db.index.keys hit=0 miss=0 switches=0 ooe=0
2013-12-03 10:17:18.764+0000 INFO  [org.neo4j]: target\java-query-db\neostore.propertystore.db.index hit=0 miss=0 switches=0 ooe=0
2013-12-03 10:17:18.863+0000 INFO  [org.neo4j]: target\java-query-db\neostore.propertystore.db.arrays hit=0 miss=0 switches=0 ooe=0
2013-12-03 10:17:18.952+0000 INFO  [org.neo4j]: target\java-query-db\neostore.propertystore.db hit=0 miss=0 switches=0 ooe=0
2013-12-03 10:17:19.041+0000 INFO  [org.neo4j]: target\java-query-db\neostore.relationshipstore.db hit=0 miss=0 switches=0 ooe=0
2013-12-03 10:17:19.152+0000 INFO  [org.neo4j]: target\java-query-db\neostore.nodestore.db.labels hit=0 miss=0 switches=0 ooe=0
2013-12-03 10:17:19.229+0000 INFO  [org.neo4j]: target\java-query-db\neostore.nodestore.db hit=0 miss=0 switches=0 ooe=0
2013-12-03 10:17:19.318+0000 INFO  [org.neo4j]: target\java-query-db\neostore.schemastore.db hit=0 miss=0 switches=0 ooe=0
2013-12-03 10:17:19.408+0000 INFO  [org.neo4j]: target\java-query-db\neostore hit=0 miss=8 switches=0 ooe=0
2013-12-03 10:17:19.479+0000 INFO  [org.neo4j]: [target\java-query-db\neostore.relationshiptypestore.db.names] brickCount=0 brickSize=0b mappedMem=0b (storeSize=38b)
2013-12-03 10:17:19.481+0000 INFO  [org.neo4j]: [target\java-query-db\neostore.relationshiptypestore.db] brickCount=0 brickSize=0b mappedMem=0b (storeSize=0b)
2013-12-03 10:17:19.483+0000 INFO  [org.neo4j]: [target\java-query-db\neostore.labeltokenstore.db.names] brickCount=0 brickSize=0b mappedMem=0b (storeSize=38b)
2013-12-03 10:17:19.485+0000 INFO  [org.neo4j]: [target\java-query-db\neostore.labeltokenstore.db] brickCount=0 brickSize=0b mappedMem=0b (storeSize=0b)
2013-12-03 10:17:19.486+0000 INFO  [org.neo4j]: [target\java-query-db\neostore.propertystore.db.strings] brickCount=0 brickSize=49280b mappedMem=49283072b (storeSize=128b)
2013-12-03 10:17:19.488+0000 INFO  [org.neo4j]: [target\java-query-db\neostore.propertystore.db.index.keys] brickCount=0 brickSize=0b mappedMem=0b (storeSize=38b)
2013-12-03 10:17:19.490+0000 INFO  [org.neo4j]: [target\java-query-db\neostore.propertystore.db.index] brickCount=0 brickSize=0b mappedMem=0b (storeSize=0b)
2013-12-03 10:17:19.492+0000 INFO  [org.neo4j]: [target\java-query-db\neostore.propertystore.db.arrays] brickCount=0 brickSize=55552b mappedMem=55574528b (storeSize=128b)
2013-12-03 10:17:19.493+0000 INFO  [org.neo4j]: [target\java-query-db\neostore.propertystore.db] brickCount=0 brickSize=576706b mappedMem=57671680b (storeSize=0b)
2013-12-03 10:17:19.495+0000 INFO  [org.neo4j]: [target\java-query-db\neostore.relationshipstore.db] brickCount=0 brickSize=702537b mappedMem=70254592b (storeSize=0b)
2013-12-03 10:17:19.497+0000 INFO  [org.neo4j]: [target\java-query-db\neostore.nodestore.db.labels] brickCount=0 brickSize=0b mappedMem=0b (storeSize=68b)
2013-12-03 10:17:19.498+0000 INFO  [org.neo4j]: [target\java-query-db\neostore.nodestore.db] brickCount=0 brickSize=157276b mappedMem=15728640b (storeSize=0b)
2013-12-03 10:17:19.500+0000 INFO  [org.neo4j]: [target\java-query-db\neostore.schemastore.db] brickCount=0 brickSize=0b mappedMem=0b (storeSize=64b)
2013-12-03 10:17:19.502+0000 INFO  [org.neo4j]: [target\java-query-db\neostore] brickCount=0 brickSize=0b mappedMem=0b (storeSize=63b)
2013-12-03 10:17:19.581+0000 INFO  [org.neo4j]: No lucene scan store index found, this might just be first use. Preparing to rebuild.
2013-12-03 10:17:19.609+0000 INFO  [org.neo4j]: No lucene scan store index found, this might just be first use. Preparing to rebuild.
2013-12-03 10:17:20.007+0000 INFO  [org.neo4j]: Opened logical log [target\java-query-db\nioneo_logical.log.1] version=0, lastTxId=1 (clean)
2013-12-03 10:17:20.085+0000 INFO  [org.neo4j]: Rebuilding lucene scan store, this may take a while
2013-12-03 10:17:20.086+0000 INFO  [org.neo4j]: Lucene scan store rebuilt (roughly -1 nodes)
2013-12-03 10:17:20.094+0000 INFO  [org.neo4j]: TM new log: tm_tx_log.1
2013-12-03 10:17:20.164+0000 INFO  [org.neo4j]: Opened logical log [target\java-query-db\index\lucene.log.1] version=0, lastTxId=1 (clean)
2013-12-03 10:17:20.202+0000 INFO  [org.neo4j]: --- STARTED diagnostics for KernelDiagnostics:Versions START ---
2013-12-03 10:17:20.203+0000 INFO  [org.neo4j]: Graph Database: org.neo4j.kernel.EmbeddedGraphDatabase StoreId[time:1386065836439, id:3673660959246826890, store version: 13843131341501958]
2013-12-03 10:17:20.203+0000 INFO  [org.neo4j]: Kernel version: Neo4j - Graph Database Kernel (neo4j-kernel), version: 2.0.0-RC1
2013-12-03 10:17:20.203+0000 INFO  [org.neo4j]: Neo4j component versions:
2013-12-03 10:17:20.228+0000 INFO  [org.neo4j]:   Neo4j - Lucene Index (neo4j-lucene-index), version: 2.0.0-RC1; revision: 2.0.0-RC1:master:477/f6718b21f680115ef78accdead262e91b32c5334
2013-12-03 10:17:20.228+0000 INFO  [org.neo4j]:   Neo4j - JMX support (neo4j-jmx), version: 2.0.0-RC1; revision: 2.0.0-RC1:master:477/f6718b21f680115ef78accdead262e91b32c5334
2013-12-03 10:17:20.229+0000 INFO  [org.neo4j]:   Neo4j - Graph Matching (neo4j-graph-matching), version: 2.0.0-RC1; revision: 2.0.0-RC1:master:477/f6718b21f680115ef78accdead262e91b32c5334
2013-12-03 10:17:20.229+0000 INFO  [org.neo4j]:   Neo4j Server API (server-api), version: 2.0.0-RC1; revision: 2.0.0-RC1:master:477/f6718b21f680115ef78accdead262e91b32c5334
2013-12-03 10:17:20.229+0000 INFO  [org.neo4j]:   Neo4j - Graph Database Kernel (neo4j-kernel), version: 2.0.0-RC1; revision: 2.0.0-RC1:master:477/f6718b21f680115ef78accdead262e91b32c5334
2013-12-03 10:17:20.229+0000 INFO  [org.neo4j]:   Neo4j - Cypher (neo4j-cypher), version: 2.0.0-RC1; revision: 2.0.0-RC1:master:477/f6718b21f680115ef78accdead262e91b32c5334
2013-12-03 10:17:20.230+0000 INFO  [org.neo4j]:   Neo4j - Graph Algorithms (neo4j-graph-algo), version: 2.0.0-RC1; revision: 2.0.0-RC1:master:477/f6718b21f680115ef78accdead262e91b32c5334
2013-12-03 10:17:20.230+0000 INFO  [org.neo4j]:   Neo4j - Cypher Compiler 2.0 (neo4j-cypher-compiler-2.0), version: 2.0.0-RC1; revision: 2.0.0-RC1:master:477/f6718b21f680115ef78accdead262e91b32c5334
2013-12-03 10:17:20.230+0000 INFO  [org.neo4j]:   Neo4j - Generic shell (neo4j-shell), version: 2.0.0-RC1; revision: 2.0.0-RC1:master:477/f6718b21f680115ef78accdead262e91b32c5334
2013-12-03 10:17:20.230+0000 INFO  [org.neo4j]:   Neo4j - Cypher Compiler 1.9 (neo4j-cypher-compiler-1.9), version: 2.0.0-RC1; revision: 2.0.0-RC1:master:477/f6718b21f680115ef78accdead262e91b32c5334
2013-12-03 10:17:20.231+0000 INFO  [org.neo4j]:   neo4j-udc, version: 2.0.0-RC1; revision: 2.0.0-RC1:master:477/f6718b21f680115ef78accdead262e91b32c5334
2013-12-03 10:17:20.231+0000 INFO  [org.neo4j]:   Neo4j - Cypher Commons (neo4j-cypher-commons), version: 2.0.0-RC1; revision: 2.0.0-RC1:master:477/f6718b21f680115ef78accdead262e91b32c5334
2013-12-03 10:17:20.231+0000 INFO  [org.neo4j]: --- STARTED diagnostics for KernelDiagnostics:Versions END ---
2013-12-03 10:17:20.235+0000 INFO  [org.neo4j]: --- STARTED diagnostics for NEO_STORE_VERSIONS START ---
2013-12-03 10:17:20.235+0000 INFO  [org.neo4j]: Store versions:
    Store versions:
      NeoStore v0.A.1
      SchemaStore v0.A.1
      NodeStore v0.A.1
      RelationshipStore v0.A.1
      RelationshipTypeStore v0.A.1
      LabelTokenStore v0.A.1
      PropertyStore v0.A.1
      PropertyIndexStore v0.A.1
      StringPropertyStore v0.A.1
      ArrayPropertyStore v0.A.1
2013-12-03 10:17:20.236+0000 INFO  [org.neo4j]: --- STARTED diagnostics for NEO_STORE_VERSIONS END ---
2013-12-03 10:17:20.236+0000 INFO  [org.neo4j]: --- STARTED diagnostics for NEO_STORE_ID_USAGE START ---
2013-12-03 10:17:20.236+0000 INFO  [org.neo4j]: Id usage:
    Id usage:
      SchemaStore: used=1 high=0
      NodeStore: used=0 high=-1
      RelationshipStore: used=0 high=-1
      RelationshipTypeStore: used=0 high=-1
      LabelTokenStore: used=0 high=-1
      PropertyStore: used=0 high=-1
      PropertyIndexStore: used=0 high=-1
      StringPropertyStore: used=1 high=0
      ArrayPropertyStore: used=1 high=0
2013-12-03 10:17:20.237+0000 INFO  [org.neo4j]: --- STARTED diagnostics for NEO_STORE_ID_USAGE END ---
2013-12-03 10:17:20.238+0000 INFO  [org.neo4j]: --- STARTED diagnostics for PERSISTENCE_WINDOW_POOL_STATS START ---
2013-12-03 10:17:20.238+0000 INFO  [org.neo4j]: --- STARTED diagnostics for PERSISTENCE_WINDOW_POOL_STATS END ---
2013-12-03 10:17:20.238+0000 INFO  [org.neo4j]: --- STARTED diagnostics for KernelDiagnostics:StoreFiles START ---
2013-12-03 10:17:20.241+0000 INFO  [org.neo4j]: Disk space on partition (Total / Free / Free %): 45038432256 / 14700498944 / 32
Storage files: (filename : modification date - size)
      active_tx_log: 2013-12-03T08:17:20-0200 - 11,00 B
      index:
        lucene-store.db: 2013-12-03T08:17:20-0200 - 40,00 B
        lucene.log.1: 2013-12-03T08:17:20-0200 - 16,00 B
        lucene.log.active: 2013-12-03T08:17:20-0200 - 4,00 B
      - Total: 2013-12-03T08:17:20-0200 - 60,00 B
      lock: 2013-12-03T08:17:16-0200 - 0,00 B
      messages.log: 2013-12-03T08:17:15-0200 - 22,89 kB
      neostore: 2013-12-03T08:17:19-0200 - 63,00 B
      neostore.id: 2013-12-03T08:17:19-0200 - 9,00 B
      neostore.labeltokenstore.db: 2013-12-03T08:17:19-0200 - 0,00 B
      neostore.labeltokenstore.db.id: 2013-12-03T08:17:18-0200 - 9,00 B
      neostore.labeltokenstore.db.names: 2013-12-03T08:17:19-0200 - 38,00 B
      neostore.labeltokenstore.db.names.id: 2013-12-03T08:17:18-0200 - 9,00 B
      neostore.nodestore.db: 2013-12-03T08:17:19-0200 - 0,00 B
      neostore.nodestore.db.id: 2013-12-03T08:17:19-0200 - 9,00 B
      neostore.nodestore.db.labels: 2013-12-03T08:17:19-0200 - 68,00 B
      neostore.nodestore.db.labels.id: 2013-12-03T08:17:19-0200 - 9,00 B
      neostore.propertystore.db: 2013-12-03T08:17:19-0200 - 0,00 B
      neostore.propertystore.db.arrays: 2013-12-03T08:17:19-0200 - 128,00 B
      neostore.propertystore.db.arrays.id: 2013-12-03T08:17:18-0200 - 9,00 B
      neostore.propertystore.db.id: 2013-12-03T08:17:18-0200 - 9,00 B
      neostore.propertystore.db.index: 2013-12-03T08:17:19-0200 - 0,00 B
      neostore.propertystore.db.index.id: 2013-12-03T08:17:18-0200 - 9,00 B
      neostore.propertystore.db.index.keys: 2013-12-03T08:17:19-0200 - 38,00 B
      neostore.propertystore.db.index.keys.id: 2013-12-03T08:17:18-0200 - 9,00 B
      neostore.propertystore.db.strings: 2013-12-03T08:17:19-0200 - 128,00 B
      neostore.propertystore.db.strings.id: 2013-12-03T08:17:18-0200 - 9,00 B
      neostore.relationshipstore.db: 2013-12-03T08:17:19-0200 - 0,00 B
      neostore.relationshipstore.db.id: 2013-12-03T08:17:19-0200 - 9,00 B
      neostore.relationshiptypestore.db: 2013-12-03T08:17:19-0200 - 0,00 B
      neostore.relationshiptypestore.db.id: 2013-12-03T08:17:18-0200 - 9,00 B
      neostore.relationshiptypestore.db.names: 2013-12-03T08:17:19-0200 - 38,00 B
      neostore.relationshiptypestore.db.names.id: 2013-12-03T08:17:18-0200 - 9,00 B
      neostore.schemastore.db: 2013-12-03T08:17:19-0200 - 64,00 B
      neostore.schemastore.db.id: 2013-12-03T08:17:19-0200 - 9,00 B
      nioneo_logical.log.1: 2013-12-03T08:17:20-0200 - 16,00 B
      nioneo_logical.log.active: 2013-12-03T08:17:20-0200 - 4,00 B
      schema:
        label:
          lucene:
            write.lock: 2013-12-03T08:17:19-0200 - 0,00 B
          - Total: 2013-12-03T08:17:19-0200 - 0,00 B
        - Total: 2013-12-03T08:17:19-0200 - 0,00 B
      - Total: 2013-12-03T08:17:19-0200 - 0,00 B
      store_lock: 2013-12-03T08:17:16-0200 - 0,00 B
      tm_tx_log.1: 2013-12-03T08:17:20-0200 - 0,00 B
2013-12-03 10:17:23.785+0000 INFO  [org.neo4j]: --- INITIALIZED diagnostics START ---
2013-12-03 10:17:23.785+0000 INFO  [org.neo4j]: Neo4j Kernel properties:
    neostore.propertystore.db.mapped_memory=55M
    neostore.nodestore.db.mapped_memory=15M
    neostore.relationshipstore.db.mapped_memory=67M
    neostore.propertystore.db.strings.mapped_memory=47M
    store_dir=target/java-query-db
    neostore.propertystore.db.arrays.mapped_memory=53M
    ephemeral=false
2013-12-03 10:17:23.786+0000 INFO  [org.neo4j]: Diagnostics providers:
    org.neo4j.kernel.configuration.Config
    org.neo4j.kernel.info.DiagnosticsManager
    SYSTEM_MEMORY
    JAVA_MEMORY
    OPERATING_SYSTEM
    JAVA_VIRTUAL_MACHINE
    CLASSPATH
    LIBRARY_PATH
    SYSTEM_PROPERTIES
    NETWORK
2013-12-03 10:17:23.786+0000 INFO  [org.neo4j]: System memory information:
    Total Physical memory: 3,97 GB
    Free Physical memory: 1,40 GB
    Committed virtual memory: 185,39 MB
    Total swap space: 7,93 GB
    Free swap space: 4,88 GB
2013-12-03 10:17:23.790+0000 INFO  [org.neo4j]: JVM memory information:
    Free  memory: 34,78 MB
    Total memory: 60,88 MB
    Max   memory: 903,13 MB
    Garbage Collector: PS Scavenge: [PS Eden Space, PS Survivor Space]
    Garbage Collector: PS MarkSweep: [PS Eden Space, PS Survivor Space, PS Old Gen, PS Perm Gen]
    Memory Pool: Code Cache (Non-heap memory): committed=2,44 MB, used=710,31 kB, max=48,00 MB, threshold=0,00 B
    Memory Pool: PS Eden Space (Heap memory): committed=15,88 MB, used=14,54 MB, max=330,50 MB, threshold=?
    Memory Pool: PS Survivor Space (Heap memory): committed=2,63 MB, used=2,62 MB, max=2,63 MB, threshold=?
    Memory Pool: PS Old Gen (Heap memory): committed=42,38 MB, used=8,94 MB, max=677,38 MB, threshold=0,00 B
    Memory Pool: PS Perm Gen (Non-heap memory): committed=23,38 MB, used=23,26 MB, max=82,00 MB, threshold=0,00 B
2013-12-03 10:17:23.800+0000 INFO  [org.neo4j]: Operating system information:
    Operating System: Windows 7; version: 6.1; arch: amd64; cpus: 2
    Process id: 3716@mackenzie
    Byte order: LITTLE_ENDIAN
    Local timezone: America/Sao_Paulo
2013-12-03 10:17:23.804+0000 INFO  [org.neo4j]: JVM information:
    VM Name: Java HotSpot(TM) 64-Bit Server VM
    VM Vendor: Oracle Corporation
    VM Version: 23.25-b01
    JIT compiler: HotSpot 64-Bit Tiered Compilers
    VM Arguments: [-Dfile.encoding=UTF-8]
2013-12-03 10:17:23.804+0000 INFO  [org.neo4j]: Java classpath:
     [loader.1] file:/C:/Program%20Files/Java/jdk1.7.0_25/jre/lib/ext/dnsns.jar
     [bootstrap] C:\Program Files\Java\jdk1.7.0_25\jre\lib\jce.jar
     [loader.0] file:/C:/Program%20Files/Neo4j%20Community/lib/org.apache.servicemix.bundles.jline-0.9.94_1.jar
     [loader.1] file:/C:/Program%20Files/Java/jdk1.7.0_25/jre/lib/ext/sunmscapi.jar
     [classpath] C:\Program Files\Neo4j Community\lib\server-api-2.0.0-RC1.jar
     [classpath] C:\Program Files\Neo4j Community\lib\neo4j-jmx-2.0.0-RC1.jar
     [loader.0] file:/C:/Program%20Files/Neo4j%20Community/lib/concurrentlinkedhashmap-lru-1.3.1.jar
     [bootstrap] C:\Program Files\Java\jdk1.7.0_25\jre\classes
     [loader.0] file:/C:/Program%20Files/Neo4j%20Community/lib/neo4j-graph-matching-2.0.0-RC1.jar
     [classpath] C:\Program Files\Neo4j Community\lib\neo4j-kernel-2.0.0-RC1.jar
     [loader.0] file:/C:/Program%20Files/Neo4j%20Community/lib/geronimo-jta_1.1_spec-1.1.1.jar
     [loader.0] file:/C:/Program%20Files/Neo4j%20Community/lib/neo4j-jmx-2.0.0-RC1.jar
     [loader.1] file:/C:/Program%20Files/Java/jdk1.7.0_25/jre/lib/ext/localedata.jar
     [loader.1] file:/C:/Program%20Files/Java/jdk1.7.0_25/jre/lib/ext/sunjce_provider.jar
     [loader.1] file:/C:/Program%20Files/Java/jdk1.7.0_25/jre/lib/ext/jaccess.jar
     [classpath] C:\Program Files\Neo4j Community\lib\neo4j-graph-algo-2.0.0-RC1.jar
     [loader.0] file:/C:/Program%20Files/Neo4j%20Community/lib/neo4j-udc-2.0.0-RC1.jar
     [loader.0] file:/C:/Program%20Files/Neo4j%20Community/lib/server-api-2.0.0-RC1.jar
     [classpath] C:\Program Files\Neo4j Community\lib\org.apache.servicemix.bundles.jline-0.9.94_1.jar
     [classpath + loader.0] file:/C:/Users/leo/Downloads/installs/DataMining/PDF/PDFBox/PDFBoxAPI/log4j-core-2.0-beta8.jar
     [loader.1] file:/C:/Program%20Files/Java/jdk1.7.0_25/jre/lib/ext/access-bridge-64.jar
     [classpath] C:\Program Files\Neo4j Community\lib\neo4j-cypher-commons-2.0.0-RC1.jar
     [classpath] C:\Program Files\Neo4j Community\lib\parboiled-core-1.1.6.jar
     [loader.1] file:/C:/Program%20Files/Java/jdk1.7.0_25/jre/lib/ext/zipfs.jar
     [loader.0] file:/C:/Program%20Files/Neo4j%20Community/lib/lucene-core-3.6.2.jar
     [classpath] C:\Program Files\Neo4j Community\lib\neo4j-cypher-compiler-2.0-2.0.0-RC1.jar
     [bootstrap] C:\Program Files\Java\jdk1.7.0_25\jre\lib\jfr.jar
     [loader.0] file:/C:/Program%20Files/Neo4j%20Community/lib/neo4j-cypher-compiler-1.9-2.0.0-RC1.jar
     [classpath + loader.0] file:/C:/Users/leo/Documents/NetBeansProjects/PDFBoxArticleExtraction/build/classes/
     [loader.0] file:/C:/Program%20Files/Neo4j%20Community/lib/neo4j-shell-2.0.0-RC1.jar
     [loader.0] file:/C:/Program%20Files/Neo4j%20Community/lib/scala-library-2.10.2.jar
     [loader.0] file:/C:/Program%20Files/Neo4j%20Community/lib/parboiled-scala_2.10-1.1.6.jar
     [classpath] C:\Program Files\Neo4j Community\lib\neo4j-graph-matching-2.0.0-RC1.jar
     [classpath] C:\Program Files\Neo4j Community\lib\lucene-core-3.6.2.jar
     [classpath] C:\Program Files\Neo4j Community\lib\neo4j-udc-2.0.0-RC1.jar
     [classpath] C:\Program Files\Neo4j Community\lib\neo4j-cypher-compiler-1.9-2.0.0-RC1.jar
     [classpath + loader.0] file:/C:/Users/leo/Downloads/installs/DataMining/postgersql/postgresql-9.2-1002.jdbc4.jar
     [bootstrap] C:\Program Files\Java\jdk1.7.0_25\jre\lib\rt.jar
     [bootstrap] C:\Program Files\Java\jdk1.7.0_25\jre\lib\jsse.jar
     [bootstrap] C:\Program Files\Java\jdk1.7.0_25\jre\lib\resources.jar
     [classpath] C:\Program Files\Neo4j Community\lib\neo4j-shell-2.0.0-RC1.jar
     [classpath + loader.0] file:/C:/Users/leo/Downloads/installs/DataMining/PDF/PDFBox/PDFBoxAPI/pdfbox-1.8.2.jar
     [loader.0] file:/C:/Program%20Files/Neo4j%20Community/lib/neo4j-cypher-commons-2.0.0-RC1.jar
     [loader.0] file:/C:/Program%20Files/Neo4j%20Community/lib/neo4j-lucene-index-2.0.0-RC1.jar
     [classpath] C:\Program Files\Neo4j Community\lib\scala-library-2.10.2.jar
     [classpath + loader.0] file:/C:/Users/leo/Downloads/installs/DataMining/PDF/PDFBox/PDFBoxAPI/fontbox-1.8.2.jar
     [classpath] C:\Program Files\Neo4j Community\lib\neo4j-lucene-index-2.0.0-RC1.jar
     [bootstrap] C:\Program Files\Java\jdk1.7.0_25\jre\lib\sunrsasign.jar
     [bootstrap] C:\Program Files\Java\jdk1.7.0_25\jre\lib\charsets.jar
     [classpath] C:\Program Files\Neo4j Community\lib\parboiled-scala_2.10-1.1.6.jar
     [classpath] C:\Program Files\Neo4j Community\lib\concurrentlinkedhashmap-lru-1.3.1.jar
     [loader.0] file:/C:/Program%20Files/Neo4j%20Community/lib/neo4j-kernel-2.0.0-RC1.jar
     [loader.0] file:/C:/Program%20Files/Neo4j%20Community/lib/neo4j-graph-algo-2.0.0-RC1.jar
     [loader.0] file:/C:/Program%20Files/Neo4j%20Community/lib/neo4j-cypher-compiler-2.0-2.0.0-RC1.jar
     [loader.1] file:/C:/Program%20Files/Java/jdk1.7.0_25/jre/lib/ext/sunec.jar
     [classpath + loader.0] file:/C:/Users/leo/Downloads/installs/DataMining/PDF/PDFBox/PDFBoxAPI/commons-logging-1.1.3.jar
     [loader.0] file:/C:/Program%20Files/Neo4j%20Community/lib/neo4j-cypher-2.0.0-RC1.jar
     [loader.0] file:/C:/Program%20Files/Neo4j%20Community/lib/parboiled-core-1.1.6.jar
     [classpath] C:\Program Files\Neo4j Community\lib\neo4j-cypher-2.0.0-RC1.jar
     [classpath] C:\Program Files\Neo4j Community\lib\geronimo-jta_1.1_spec-1.1.1.jar
2013-12-03 10:17:23.811+0000 INFO  [org.neo4j]: Library path:
    C:\Program Files\Java\jdk1.7.0_25\bin
    C:\Windows\Sun\Java\bin
    C:\Windows\System32
    C:\Windows
    C:\Windows\System32
    C:\Windows
    C:\Windows\System32\wbem
    C:\Windows\System32\WindowsPowerShell\v1.0
    C:\Program Files (x86)\Java\jre7\bin
    C:\Program Files (x86)\Graphviz2.30\bin
    C:\Program Files\Java\jdk1.7.0_25\bin
    C:\Perl\c\bin
    C:\Perl\perl\site\bin
    C:\Perl\perl\bin
    C:\Users\leo\Documents\NetBeansProjects\PDFBoxArticleExtraction
2013-12-03 10:17:23.814+0000 INFO  [org.neo4j]: System.properties:
    sun.boot.library.path = C:\Program Files\Java\jdk1.7.0_25\jre\bin
    path.separator = ;
    file.encoding.pkg = sun.io
    user.country = BR
    user.script = 
    sun.java.launcher = SUN_STANDARD
    sun.os.patch.level = Service Pack 1
    user.dir = C:\Users\leo\Documents\NetBeansProjects\PDFBoxArticleExtraction
    user.variant = 
    sun.jnu.encoding = Cp1252
    sun.management.compiler = HotSpot 64-Bit Tiered Compilers
    user.home = C:\Users\leo
    user.timezone = America/Sao_Paulo
    file.encoding = UTF-8
    user.name = leo
    sun.java.command = ArticleExtraction.ArticleExtractionMain -d C:\barbosalm\DataSamples\pdfs\ieeesamples\datamining
    sun.arch.data.model = 64
    user.language = pt
    awt.toolkit = sun.awt.windows.WToolkit
    file.separator = \
    sun.io.unicode.encoding = UnicodeLittle
    sun.cpu.endian = little
    sun.desktop = windows
    sun.cpu.isalist = amd64
2013-12-03 10:17:23.815+0000 INFO  [org.neo4j]: Network information:
    Interface Software Loopback Interface 1:
        address: 127.0.0.1
        address: 0:0:0:0:0:0:0:1
    Interface WAN Miniport (SSTP):
    Interface WAN Miniport (L2TP):
    Interface WAN Miniport (PPTP):
    Interface WAN Miniport (PPPOE):
    Interface WAN Miniport (IPv6):
    Interface WAN Miniport (Network Monitor):
    Interface WAN Miniport (IP):
    Interface RAS Async Adapter:
    Interface Adaptador de Rede Broadcom 802.11n:
        address: 192.168.1.102
    Interface Marvell Yukon 88E8058 PCI-E Gigabit Ethernet Controller:
    Interface Teredo Tunneling Pseudo-Interface:
        address: 2001:0:5ef5:79fb:10b0:1d0a:3f57:fe99
        address: fe80:0:0:0:10b0:1d0a:3f57:fe99%12
    Interface Dispositivo Bluetooth (Rede Pessoal):
    Interface Dispositivo Bluetooth (TDI de Protocolo RFCOMM):
    Interface WAN Miniport (IKEv2):
    Interface Adaptador do Microsoft ISATAP:
        address: fe80:0:0:0:0:5efe:c0a8:166%16
    Interface Adaptador de rede Broadcom 802.11n-Virtual WiFi Filter Driver-0000:
    Interface Adaptador de rede Broadcom 802.11n-QoS Packet Scheduler-0000:
    Interface WAN Miniport (Network Monitor)-QoS Packet Scheduler-0000:
    Interface WAN Miniport (IP)-QoS Packet Scheduler-0000:
    Interface WAN Miniport (IPv6)-QoS Packet Scheduler-0000:
    Interface Adaptador de rede Broadcom 802.11n-Native WiFi Filter Driver-0000:
    Interface Adaptador de rede Broadcom 802.11n-WFP LightWeight Filter-0000:
2013-12-03 10:17:23.869+0000 INFO  [org.neo4j]: --- INITIALIZED diagnostics END ---
2013-12-03 10:17:23.883+0000 INFO  [org.neo4j]: Startup failed: Component 'org.neo4j.kernel.StoreLockerLifecycleAdapter@1a03ed8a' was successfully initialized, but failed to start. Please see attached cause exception.: Could not create lock file
2013-12-03 10:17:23.883+0000 INFO  [org.neo4j]: Shutdown started
2013-12-03 10:17:23.883+0000 INFO  [org.neo4j]: --- SHUTDOWN diagnostics START ---
2013-12-03 10:17:23.883+0000 INFO  [org.neo4j]: --- SHUTDOWN diagnostics END ---
